Using pre-set license
Built from '2020.2/staging' branch; Version is '2020.2.7f1 (c53830e277f1) revision 12924976'; Using compiler version '192528614'; Build Type 'Release'
OS: 'Windows 10 Pro; OS build 18363.1440; Version 1909; 64bit' Language: 'uk' Physical Memory: 10179 MB
BatchMode: 1, IsHumanControllingUs: 0, StartBugReporterOnCrash: 0, Is64bit: 1, IsPro: 0

 COMMAND LINE ARGUMENTS:
F:\Unity\Editor\Unity.exe
-adb2
-batchMode
-noUpm
-name
AssetImportWorker0
-projectPath
F:/temppro/Present
-logFile
Logs/AssetImportWorker0.log
-srvPort
54937
Successfully changed project path to: F:/temppro/Present
F:/temppro/Present
Using Asset Import Pipeline V2.
Refreshing native plugins compatible for Editor in 39.03 ms, found 1 plugins.
Preloading 0 native plugins for Editor in 0.00 ms.
Initialize engine version: 2020.2.7f1 (c53830e277f1)
[Subsystems] Discovering subsystems at path F:/Unity/Editor/Data/Resources/UnitySubsystems
[Subsystems] Discovering subsystems at path F:/temppro/Present/Assets
GfxDevice: creating device client; threaded=0
Direct3D:
    Version:  Direct3D 11.0 [level 11.1]
    Renderer: NVIDIA GeForce GTX 1060 6GB (ID=0x1c03)
    Vendor:   
    VRAM:     6052 MB
    Driver:   27.21.14.5751
Initialize mono
Mono path[0] = 'F:/Unity/Editor/Data/Managed'
Mono path[1] = 'F:/Unity/Editor/Data/MonoBleedingEdge/lib/mono/unityjit'
Mono config path = 'F:/Unity/Editor/Data/MonoBleedingEdge/etc'
Using monoOptions --debugger-agent=transport=dt_socket,embedding=1,server=y,suspend=n,address=127.0.0.1:56076
Begin MonoManager ReloadAssembly
Registering precompiled unity dll's ...
Register platform support module: F:/Unity/Editor/Data/PlaybackEngines/WindowsStandaloneSupport/UnityEditor.WindowsStandalone.Extensions.dll
Registered in 0.000880 seconds.
Native extension for WindowsStandalone target not found
Refreshing native plugins compatible for Editor in 36.38 ms, found 1 plugins.
Preloading 0 native plugins for Editor in 0.00 ms.
Invoked RoslynAnalysisRunner static constructor.
RoslynAnalysisRunner will not be running.
RoslynAnalysisRunner has terminated.
Mono: successfully reloaded assembly
- Completed reload, in  1.126 seconds
Platform modules already initialized, skipping
Registering precompiled user dll's ...
Registered in 0.000826 seconds.
Begin MonoManager ReloadAssembly
Native extension for WindowsStandalone target not found
Refreshing native plugins compatible for Editor in 37.69 ms, found 1 plugins.
Preloading 0 native plugins for Editor in 0.00 ms.
Invoked RoslynAnalysisRunner static constructor.
RoslynAnalysisRunner will not be running.
RoslynAnalysisRunner has terminated.
Mono: successfully reloaded assembly
- Completed reload, in  1.088 seconds
Platform modules already initialized, skipping
========================================================================
Worker process is ready to serve import requests
Launched and connected shader compiler UnityShaderCompiler.exe after 0.06 seconds
Refreshing native plugins compatible for Editor in 0.39 ms, found 1 plugins.
Preloading 0 native plugins for Editor in 0.00 ms.
Unloading 1819 Unused Serialized files (Serialized files now loaded: 0)
System memory in use before: 85.0 MB.
System memory in use after: 85.1 MB.

Unloading 19 unused Assets to reduce memory usage. Loaded Objects now: 2269.
Total: 2.271600 ms (FindLiveObjects: 0.197800 ms CreateObjectMapping: 0.104100 ms MarkObjects: 1.845100 ms  DeleteObjects: 0.123400 ms)

========================================================================
Received Import Request.
  path: Assets/Prefabs
  artifactKey: Guid(dc5f1c3a3f05c044d92c64464e978ad0) Importer(815301076,1909f56bfc062723c751e8b465ee728b)
Start importing Assets/Prefabs using Guid(dc5f1c3a3f05c044d92c64464e978ad0) Importer(815301076,1909f56bfc062723c751e8b465ee728b)  -> (artifact id: '833578dbfc02bb31d0beb5e9ea167e2a') in 0.009867 seconds
  Import took 0.013176 seconds .

========================================================================
Received Import Request.
  Time since last request: 0.000210 seconds.
  path: Assets/Video
  artifactKey: Guid(f04bbd2167c8b6149ba88d79587a4059) Importer(815301076,1909f56bfc062723c751e8b465ee728b)
Start importing Assets/Video using Guid(f04bbd2167c8b6149ba88d79587a4059) Importer(815301076,1909f56bfc062723c751e8b465ee728b)  -> (artifact id: 'c9964ac46dde6be9cb0f9be4667d0953') in 0.007115 seconds
  Import took 0.010839 seconds .

========================================================================
Received Import Request.
  Time since last request: 0.000353 seconds.
  path: Assets/Audio
  artifactKey: Guid(9a32574ed43c6544e81eea5a85ebe455) Importer(815301076,1909f56bfc062723c751e8b465ee728b)
Start importing Assets/Audio using Guid(9a32574ed43c6544e81eea5a85ebe455) Importer(815301076,1909f56bfc062723c751e8b465ee728b)  -> (artifact id: '65f7593bcffd84b359303474d1f629f3') in 0.007550 seconds
  Import took 0.011317 seconds .

========================================================================
Received Import Request.
  Time since last request: 3.271651 seconds.
  path: Assets/Scenes
  artifactKey: Guid(7e3ef2b94716f634fb6e06504cbbd4a6) Importer(815301076,1909f56bfc062723c751e8b465ee728b)
Start importing Assets/Scenes using Guid(7e3ef2b94716f634fb6e06504cbbd4a6) Importer(815301076,1909f56bfc062723c751e8b465ee728b)  -> (artifact id: 'b14f7d1a3348aa76556f5421fcdefa14') in 0.008297 seconds
  Import took 0.012755 seconds .

========================================================================
Received Import Request.
  Time since last request: 1.281377 seconds.
  path: Assets/Scenes/LastScene.unity
  artifactKey: Guid(c19a009e20e84d34db6541ee4ef4ef73) Importer(815301076,1909f56bfc062723c751e8b465ee728b)
Start importing Assets/Scenes/LastScene.unity using Guid(c19a009e20e84d34db6541ee4ef4ef73) Importer(815301076,1909f56bfc062723c751e8b465ee728b)  -> (artifact id: '00826d18223684372b7f436f4fa25952') in 0.019670 seconds
  Import took 0.023427 seconds .

========================================================================
Received Import Request.
  Time since last request: 4.344096 seconds.
  path: Assets/Video/lastScene.mp4
  artifactKey: Guid(0a06f1e8768b9534facde3fdc0b2913d) Importer(815301076,1909f56bfc062723c751e8b465ee728b)
Start importing Assets/Video/lastScene.mp4 using Guid(0a06f1e8768b9534facde3fdc0b2913d) Importer(815301076,1909f56bfc062723c751e8b465ee728b)  -> (artifact id: '864d908649fced34c82968e8e0da9207') in 0.303489 seconds
  Import took 0.307490 seconds .

========================================================================
Received Import Request.
  Time since last request: 0.000306 seconds.
  path: Assets/Video/New Render Texture.renderTexture
  artifactKey: Guid(4ce664709db0ac54a80688dc19240e16) Importer(815301076,1909f56bfc062723c751e8b465ee728b)
Start importing Assets/Video/New Render Texture.renderTexture using Guid(4ce664709db0ac54a80688dc19240e16) Importer(815301076,1909f56bfc062723c751e8b465ee728b)  -> (artifact id: '74282a81d17abe8cb87c3fce8df7c30d') in 0.096636 seconds
  Import took 0.100493 seconds .

AssetImportWorkerClient::OnTransportError - code=2 error=End of file
